<?xml version="1.0" encoding="UTF-8"?>
<!-- Generated by org.testng.reporters.JUnitReportReporter -->
<testsuite skipped="0" hostname="DESKTOP-302Q34G" name="TestNGSession.googleTest" tests="2" failures="0" timestamp="2020-01-08T23:25:10 IST" time="25.927" errors="0">
  <testcase name="googleTitleTest" time="12.850" classname="TestNGSession.googleTest"/>
  <testcase name="googleLogoTest" time="13.077" classname="TestNGSession.googleTest"/>
</testsuite> <!-- TestNGSession.googleTest -->
