<?xml version="1.0" encoding="UTF-8"?>
<!-- Generated by org.testng.reporters.JUnitReportReporter -->
<testsuite skipped="0" hostname="DESKTOP-302Q34G" name="TestNGSession.groupsFeature" tests="4" failures="0" timestamp="2020-01-08T23:25:10 IST" time="52.599" errors="0">
  <testcase name="googleTitleTest" time="13.881" classname="TestNGSession.groupsFeature"/>
  <testcase name="googleLogoTest" time="12.817" classname="TestNGSession.groupsFeature"/>
  <testcase name="test1" time="13.048" classname="TestNGSession.groupsFeature"/>
  <testcase name="test2" time="12.853" classname="TestNGSession.groupsFeature"/>
</testsuite> <!-- TestNGSession.groupsFeature -->
