<?xml version="1.0" encoding="UTF-8"?>
<!-- Generated by org.testng.reporters.JUnitReportReporter -->
<testsuite skipped="0" hostname="DESKTOP-302Q34G" name="SeleniumSessions.handligMultipleWindowTabs" tests="1" failures="0" timestamp="2021-03-08T01:51:09 IST" time="0.265" errors="0">
  <testcase name="openTab" time="0.265" classname="SeleniumSessions.handligMultipleWindowTabs"/>
</testsuite> <!-- SeleniumSessions.handligMultipleWindowTabs -->
