<?xml version="1.0" encoding="UTF-8"?>
<!-- Generated by org.testng.reporters.JUnitReportReporter -->
<testsuite skipped="0" hostname="DESKTOP-302Q34G" name="TestNGSession.invocationCountFeature" tests="10" failures="0" timestamp="2020-01-08T23:25:10 IST" time="0.041" errors="0">
  <testcase name="homePageTest" time="0.002" classname="TestNGSession.invocationCountFeature"/>
  <testcase name="homePageTest" time="0.004" classname="TestNGSession.invocationCountFeature"/>
  <testcase name="homePageTest" time="0.003" classname="TestNGSession.invocationCountFeature"/>
  <testcase name="homePageTest" time="0.004" classname="TestNGSession.invocationCountFeature"/>
  <testcase name="homePageTest" time="0.004" classname="TestNGSession.invocationCountFeature"/>
  <testcase name="homePageTest" time="0.003" classname="TestNGSession.invocationCountFeature"/>
  <testcase name="homePageTest" time="0.009" classname="TestNGSession.invocationCountFeature"/>
  <testcase name="homePageTest" time="0.002" classname="TestNGSession.invocationCountFeature"/>
  <testcase name="homePageTest" time="0.004" classname="TestNGSession.invocationCountFeature"/>
  <testcase name="homePageTest" time="0.006" classname="TestNGSession.invocationCountFeature"/>
</testsuite> <!-- TestNGSession.invocationCountFeature -->
