<?xml version="1.0" encoding="UTF-8"?>
<!-- Generated by org.testng.reporters.JUnitReportReporter -->
<testsuite skipped="0" hostname="DESKTOP-302Q34G" name="TestNGSession.expectedExceptionFeature" tests="1" failures="0" timestamp="2020-01-08T23:25:10 IST" time="0.004" errors="0">
  <testcase name="test" time="0.004" classname="TestNGSession.expectedExceptionFeature"/>
</testsuite> <!-- TestNGSession.expectedExceptionFeature -->
